
[03/01/2023-08:57:33]  AMS added new student: Abdallah Magdy.
[03/01/2023-08:58:59]  AMS added new student: Omar Emad.
[03/01/2023-08:59:19]  AMS added new student: Omar Atef.
[03/01/2023-08:59:48]  SHOYO added new student: Ziad Ahmed.
[03/01/2023-09:00:29]  SHOYO added new student: Omar Nabil.
[03/01/2023-09:01:02]  AMS added new student: Abdelrahman Emad.
[03/01/2023-09:01:32]  AMS added new student: Sara Ahmed.
[03/01/2023-09:02:00]  AMS added new student: Salma Ahmed.
[03/01/2023-09:02:27]  AMS added new student: Anas Hussein.
[03/01/2023-09:02:56]  SHOYO added new student: Mariam Mohamed.
[03/01/2023-09:03:19]  SHOYO added new student: Menna Ahmed.
[03/01/2023-09:04:04]  AMS added new staff member: Ahmed Hesham.
[03/01/2023-09:04:35]  AMS added new staff member: Mohamed Moustafa.
[03/01/2023-09:05:18]  AMS added new staff member: Abdelrahman Hesham.
[03/01/2023-09:05:44]  AMS added new staff member: Manal Abdelwahed.
[03/01/2023-09:06:13]  AMS added new staff member: Sherif Samy.
[03/01/2023-09:06:48]  AMS added new staff member: Nancy Fouad.
[03/01/2023-09:07:27]  AMS added new staff member: Mohamed Islam.
[03/01/2023-09:07:52]  AMS added new staff member: Sherif Abdelazeez.
[03/01/2023-09:08:56]  AMS added new course: Data Structure.
[03/01/2023-09:10:22]  SHOYO added new course: Maths.
[03/01/2023-09:11:26]  SHOYO added new course:  Measurements.
[03/01/2023-09:12:18]  SHOYO added new course: Anatomy.
[03/01/2023-09:12:57]  SHOYO added new admin: Ahmed Hesham.
[03/01/2023-09:13:19]  SHOYO added new admin: Mohamed Moustafa.
************************************************************************